/!\ FAILSAFE /!\  Wed Sep 23 22:58:38 -0500 2009
  Status: 500 Internal Server Error
  Unknown database 'server_development'
    /Library/Ruby/Gems/1.8/gems/activerecord-2.3.4/lib/active_record/connection_adapters/mysql_adapter.rb:585:in `real_connect'
    /Library/Ruby/Gems/1.8/gems/activerecord-2.3.4/lib/active_record/connection_adapters/mysql_adapter.rb:585:in `connect'
    /Library/Ruby/Gems/1.8/gems/activerecord-2.3.4/lib/active_record/connection_adapters/mysql_adapter.rb:199:in `initialize'
    /Library/Ruby/Gems/1.8/gems/activerecord-2.3.4/lib/active_record/connection_adapters/mysql_adapter.rb:71:in `new'
    /Library/Ruby/Gems/1.8/gems/activerecord-2.3.4/lib/active_record/connection_adapters/mysql_adapter.rb:71:in `mysql_connection'
    /Library/Ruby/Gems/1.8/gems/activerecord-2.3.4/lib/active_record/connection_adapters/abstract/connection_pool.rb:223:in `send'
    /Library/Ruby/Gems/1.8/gems/activerecord-2.3.4/lib/active_record/connection_adapters/abstract/connection_pool.rb:223:in `new_connection'
    /Library/Ruby/Gems/1.8/gems/activerecord-2.3.4/lib/active_record/connection_adapters/abstract/connection_pool.rb:245:in `checkout_new_connection'
    /Library/Ruby/Gems/1.8/gems/activerecord-2.3.4/lib/active_record/connection_adapters/abstract/connection_pool.rb:188:in `checkout'
    /Library/Ruby/Gems/1.8/gems/activerecord-2.3.4/lib/active_record/connection_adapters/abstract/connection_pool.rb:184:in `loop'
    /Library/Ruby/Gems/1.8/gems/activerecord-2.3.4/lib/active_record/connection_adapters/abstract/connection_pool.rb:184:in `checkout'
    /System/Library/Frameworks/Ruby.framework/Versions/1.8/usr/lib/ruby/1.8/monitor.rb:242:in `synchronize'
    /Library/Ruby/Gems/1.8/gems/activerecord-2.3.4/lib/active_record/connection_adapters/abstract/connection_pool.rb:183:in `checkout'
    /Library/Ruby/Gems/1.8/gems/activerecord-2.3.4/lib/active_record/connection_adapters/abstract/connection_pool.rb:98:in `connection'
    /Library/Ruby/Gems/1.8/gems/activerecord-2.3.4/lib/active_record/connection_adapters/abstract/connection_pool.rb:326:in `retrieve_connection'
    /Library/Ruby/Gems/1.8/gems/activerecord-2.3.4/lib/active_record/connection_adapters/abstract/connection_specification.rb:123:in `retrieve_connection'
    /Library/Ruby/Gems/1.8/gems/activerecord-2.3.4/lib/active_record/connection_adapters/abstract/connection_specification.rb:115:in `connection'
    /Library/Ruby/Gems/1.8/gems/activerecord-2.3.4/lib/active_record/query_cache.rb:9:in `cache'
    /Library/Ruby/Gems/1.8/gems/activerecord-2.3.4/lib/active_record/query_cache.rb:28:in `call'
    /Library/Ruby/Gems/1.8/gems/activerecord-2.3.4/lib/active_record/connection_adapters/abstract/connection_pool.rb:361:in `call'
    /Library/Ruby/Gems/1.8/gems/rack-1.0.0/lib/rack/head.rb:9:in `call'
    /Library/Ruby/Gems/1.8/gems/rack-1.0.0/lib/rack/methodoverride.rb:24:in `call'
    /Library/Ruby/Gems/1.8/gems/actionpack-2.3.4/lib/action_controller/params_parser.rb:15:in `call'
    /Library/Ruby/Gems/1.8/gems/actionpack-2.3.4/lib/action_controller/session/cookie_store.rb:93:in `call'
    /Library/Ruby/Gems/1.8/gems/actionpack-2.3.4/lib/action_controller/failsafe.rb:26:in `call'
    /Library/Ruby/Gems/1.8/gems/rack-1.0.0/lib/rack/lock.rb:11:in `call'
    /Library/Ruby/Gems/1.8/gems/rack-1.0.0/lib/rack/lock.rb:11:in `synchronize'
    /Library/Ruby/Gems/1.8/gems/rack-1.0.0/lib/rack/lock.rb:11:in `call'
    /Library/Ruby/Gems/1.8/gems/actionpack-2.3.4/lib/action_controller/dispatcher.rb:114:in `call'
    /Library/Ruby/Gems/1.8/gems/actionpack-2.3.4/lib/action_controller/reloader.rb:34:in `run'
    /Library/Ruby/Gems/1.8/gems/actionpack-2.3.4/lib/action_controller/dispatcher.rb:108:in `call'
    /Library/Ruby/Gems/1.8/gems/rails-2.3.4/lib/rails/rack/static.rb:31:in `call'
    /Library/Ruby/Gems/1.8/gems/rack-1.0.0/lib/rack/urlmap.rb:46:in `call'
    /Library/Ruby/Gems/1.8/gems/rack-1.0.0/lib/rack/urlmap.rb:40:in `each'
    /Library/Ruby/Gems/1.8/gems/rack-1.0.0/lib/rack/urlmap.rb:40:in `call'
    /Library/Ruby/Gems/1.8/gems/rails-2.3.4/lib/rails/rack/log_tailer.rb:17:in `call'
    /Library/Ruby/Gems/1.8/gems/rack-1.0.0/lib/rack/content_length.rb:13:in `call'
    /Library/Ruby/Gems/1.8/gems/rack-1.0.0/lib/rack/chunked.rb:15:in `call'
    /Library/Ruby/Gems/1.8/gems/rack-1.0.0/lib/rack/handler/mongrel.rb:61:in `process'
    /Library/Ruby/Gems/1.8/gems/mongrel-1.1.5/lib/mongrel.rb:159:in `process_client'
    /Library/Ruby/Gems/1.8/gems/mongrel-1.1.5/lib/mongrel.rb:158:in `each'
    /Library/Ruby/Gems/1.8/gems/mongrel-1.1.5/lib/mongrel.rb:158:in `process_client'
    /Library/Ruby/Gems/1.8/gems/mongrel-1.1.5/lib/mongrel.rb:285:in `run'
    /Library/Ruby/Gems/1.8/gems/mongrel-1.1.5/lib/mongrel.rb:285:in `initialize'
    /Library/Ruby/Gems/1.8/gems/mongrel-1.1.5/lib/mongrel.rb:285:in `new'
    /Library/Ruby/Gems/1.8/gems/mongrel-1.1.5/lib/mongrel.rb:285:in `run'
    /Library/Ruby/Gems/1.8/gems/mongrel-1.1.5/lib/mongrel.rb:268:in `initialize'
    /Library/Ruby/Gems/1.8/gems/mongrel-1.1.5/lib/mongrel.rb:268:in `new'
    /Library/Ruby/Gems/1.8/gems/mongrel-1.1.5/lib/mongrel.rb:268:in `run'
    /Library/Ruby/Gems/1.8/gems/rack-1.0.0/lib/rack/handler/mongrel.rb:34:in `run'
    /Library/Ruby/Gems/1.8/gems/rails-2.3.4/lib/commands/server.rb:111
    /Library/Ruby/Site/1.8/rubygems/custom_require.rb:31:in `gem_original_require'
    /Library/Ruby/Site/1.8/rubygems/custom_require.rb:31:in `require'
    script/server:3
  [4;36;1mSQL (0.1ms)[0m   [0;1mSET NAMES 'utf8'[0m
  [4;35;1mSQL (0.1ms)[0m   [0mSET SQL_AUTO_IS_NULL=0[0m


Processing Rails::InfoController#properties (for 127.0.0.1 at 2009-09-23 22:59:27) [GET]
  [4;36;1mSQL (0.4ms)[0m   [0;1mSHOW TABLES[0m
Completed in 62ms (View: 10, DB: 1) | 200 OK [http://localhost/rails/info/properties]
  [4;35;1mSQL (0.2ms)[0m   [0mSET NAMES 'utf8'[0m
  [4;36;1mSQL (0.1ms)[0m   [0;1mSET SQL_AUTO_IS_NULL=0[0m


Processing JobsController#index (for 127.0.0.1 at 2009-09-23 22:59:32) [GET]
  [4;35;1mJob Load (0.3ms)[0m   [0mSELECT * FROM `jobs` [0m
Rendering template within layouts/jobs
Rendering jobs/index
  [4;36;1mJob Columns (1.6ms)[0m   [0;1mSHOW FIELDS FROM `jobs`[0m
Completed in 108ms (View: 102, DB: 2) | 200 OK [http://localhost/jobs/]
  [4;35;1mSQL (0.3ms)[0m   [0mSET NAMES 'utf8'[0m
  [4;36;1mSQL (0.3ms)[0m   [0;1mSET SQL_AUTO_IS_NULL=0[0m


Processing JobsController#show (for 127.0.0.1 at 2009-09-23 22:59:37) [GET]
  Parameters: {"id"=>"tasks"}
  [4;35;1mJob Columns (1.6ms)[0m   [0mSHOW FIELDS FROM `jobs`[0m
  [4;36;1mJob Load (0.8ms)[0m   [0;1mSELECT * FROM `jobs` WHERE (`jobs`.`id` = 0) [0m

ActiveRecord::RecordNotFound (Couldn't find Job with ID=tasks):
  app/controllers/jobs_controller.rb:16:in `show'

Rendered rescues/_trace (30.0ms)
Rendered rescues/_request_and_response (1.3ms)
Rendering rescues/layout (not_found)
  [4;35;1mSQL (0.1ms)[0m   [0mSET NAMES 'utf8'[0m
  [4;36;1mSQL (0.1ms)[0m   [0;1mSET SQL_AUTO_IS_NULL=0[0m


Processing TasksController#index (for 127.0.0.1 at 2009-09-23 22:59:43) [GET]
  [4;35;1mTask Load (6.4ms)[0m   [0mSELECT * FROM `tasks` [0m
Rendering template within layouts/tasks
Rendering tasks/index
  [4;36;1mTask Columns (1.9ms)[0m   [0;1mSHOW FIELDS FROM `tasks`[0m
  [4;35;1mJob Columns (1.5ms)[0m   [0mSHOW FIELDS FROM `jobs`[0m
  [4;36;1mJob Load (0.6ms)[0m   [0;1mSELECT * FROM `jobs` WHERE (`jobs`.`id` = 1) [0m
  [4;35;1mJob Load (0.2ms)[0m   [0mSELECT * FROM `jobs` WHERE (`jobs`.`id` = 2) [0m
  [4;36;1mCACHE (0.0ms)[0m   [0;1mSELECT * FROM `jobs` WHERE (`jobs`.`id` = 2) [0m
  [4;35;1mCACHE (0.0ms)[0m   [0mSELECT * FROM `jobs` WHERE (`jobs`.`id` = 2) [0m
  [4;36;1mCACHE (0.0ms)[0m   [0;1mSELECT * FROM `jobs` WHERE (`jobs`.`id` = 2) [0m
  [4;35;1mCACHE (0.0ms)[0m   [0mSELECT * FROM `jobs` WHERE (`jobs`.`id` = 2) [0m
  [4;36;1mCACHE (0.0ms)[0m   [0;1mSELECT * FROM `jobs` WHERE (`jobs`.`id` = 2) [0m
  [4;35;1mCACHE (0.0ms)[0m   [0mSELECT * FROM `jobs` WHERE (`jobs`.`id` = 2) [0m
  [4;36;1mCACHE (0.0ms)[0m   [0;1mSELECT * FROM `jobs` WHERE (`jobs`.`id` = 2) [0m
  [4;35;1mCACHE (0.0ms)[0m   [0mSELECT * FROM `jobs` WHERE (`jobs`.`id` = 2) [0m
  [4;36;1mCACHE (0.0ms)[0m   [0;1mSELECT * FROM `jobs` WHERE (`jobs`.`id` = 2) [0m
  [4;35;1mCACHE (0.0ms)[0m   [0mSELECT * FROM `jobs` WHERE (`jobs`.`id` = 2) [0m
  [4;36;1mCACHE (0.0ms)[0m   [0;1mSELECT * FROM `jobs` WHERE (`jobs`.`id` = 2) [0m
  [4;35;1mCACHE (0.0ms)[0m   [0mSELECT * FROM `jobs` WHERE (`jobs`.`id` = 2) [0m
  [4;36;1mCACHE (0.0ms)[0m   [0;1mSELECT * FROM `jobs` WHERE (`jobs`.`id` = 2) [0m
  [4;35;1mCACHE (0.0ms)[0m   [0mSELECT * FROM `jobs` WHERE (`jobs`.`id` = 2) [0m
  [4;36;1mCACHE (0.0ms)[0m   [0;1mSELECT * FROM `jobs` WHERE (`jobs`.`id` = 2) [0m
  [4;35;1mCACHE (0.0ms)[0m   [0mSELECT * FROM `jobs` WHERE (`jobs`.`id` = 2) [0m
  [4;36;1mCACHE (0.0ms)[0m   [0;1mSELECT * FROM `jobs` WHERE (`jobs`.`id` = 2) [0m
  [4;35;1mCACHE (0.0ms)[0m   [0mSELECT * FROM `jobs` WHERE (`jobs`.`id` = 2) [0m
  [4;36;1mCACHE (0.0ms)[0m   [0;1mSELECT * FROM `jobs` WHERE (`jobs`.`id` = 2) [0m
  [4;35;1mCACHE (0.0ms)[0m   [0mSELECT * FROM `jobs` WHERE (`jobs`.`id` = 2) [0m
  [4;36;1mCACHE (0.0ms)[0m   [0;1mSELECT * FROM `jobs` WHERE (`jobs`.`id` = 2) [0m
  [4;35;1mCACHE (0.0ms)[0m   [0mSELECT * FROM `jobs` WHERE (`jobs`.`id` = 2) [0m
  [4;36;1mCACHE (0.0ms)[0m   [0;1mSELECT * FROM `jobs` WHERE (`jobs`.`id` = 2) [0m
  [4;35;1mCACHE (0.0ms)[0m   [0mSELECT * FROM `jobs` WHERE (`jobs`.`id` = 2) [0m
  [4;36;1mCACHE (0.0ms)[0m   [0;1mSELECT * FROM `jobs` WHERE (`jobs`.`id` = 2) [0m
  [4;35;1mCACHE (0.0ms)[0m   [0mSELECT * FROM `jobs` WHERE (`jobs`.`id` = 2) [0m
  [4;36;1mCACHE (0.0ms)[0m   [0;1mSELECT * FROM `jobs` WHERE (`jobs`.`id` = 2) [0m
  [4;35;1mCACHE (0.0ms)[0m   [0mSELECT * FROM `jobs` WHERE (`jobs`.`id` = 2) [0m
  [4;36;1mCACHE (0.0ms)[0m   [0;1mSELECT * FROM `jobs` WHERE (`jobs`.`id` = 2) [0m
  [4;35;1mCACHE (0.0ms)[0m   [0mSELECT * FROM `jobs` WHERE (`jobs`.`id` = 2) [0m
  [4;36;1mCACHE (0.0ms)[0m   [0;1mSELECT * FROM `jobs` WHERE (`jobs`.`id` = 2) [0m
  [4;35;1mCACHE (0.0ms)[0m   [0mSELECT * FROM `jobs` WHERE (`jobs`.`id` = 2) [0m
  [4;36;1mCACHE (0.0ms)[0m   [0;1mSELECT * FROM `jobs` WHERE (`jobs`.`id` = 2) [0m
  [4;35;1mCACHE (0.0ms)[0m   [0mSELECT * FROM `jobs` WHERE (`jobs`.`id` = 2) [0m
  [4;36;1mCACHE (0.0ms)[0m   [0;1mSELECT * FROM `jobs` WHERE (`jobs`.`id` = 2) [0m
  [4;35;1mCACHE (0.0ms)[0m   [0mSELECT * FROM `jobs` WHERE (`jobs`.`id` = 2) [0m
  [4;36;1mCACHE (0.0ms)[0m   [0;1mSELECT * FROM `jobs` WHERE (`jobs`.`id` = 2) [0m
  [4;35;1mCACHE (0.0ms)[0m   [0mSELECT * FROM `jobs` WHERE (`jobs`.`id` = 2) [0m
  [4;36;1mCACHE (0.0ms)[0m   [0;1mSELECT * FROM `jobs` WHERE (`jobs`.`id` = 2) [0m
  [4;35;1mCACHE (0.0ms)[0m   [0mSELECT * FROM `jobs` WHERE (`jobs`.`id` = 2) [0m
  [4;36;1mCACHE (0.0ms)[0m   [0;1mSELECT * FROM `jobs` WHERE (`jobs`.`id` = 2) [0m
  [4;35;1mCACHE (0.0ms)[0m   [0mSELECT * FROM `jobs` WHERE (`jobs`.`id` = 2) [0m
  [4;36;1mCACHE (0.0ms)[0m   [0;1mSELECT * FROM `jobs` WHERE (`jobs`.`id` = 2) [0m
  [4;35;1mCACHE (0.0ms)[0m   [0mSELECT * FROM `jobs` WHERE (`jobs`.`id` = 2) [0m
  [4;36;1mCACHE (0.0ms)[0m   [0;1mSELECT * FROM `jobs` WHERE (`jobs`.`id` = 2) [0m
  [4;35;1mCACHE (0.0ms)[0m   [0mSELECT * FROM `jobs` WHERE (`jobs`.`id` = 2) [0m
  [4;36;1mCACHE (0.0ms)[0m   [0;1mSELECT * FROM `jobs` WHERE (`jobs`.`id` = 2) [0m
  [4;35;1mCACHE (0.0ms)[0m   [0mSELECT * FROM `jobs` WHERE (`jobs`.`id` = 2) [0m
  [4;36;1mCACHE (0.0ms)[0m   [0;1mSELECT * FROM `jobs` WHERE (`jobs`.`id` = 2) [0m
  [4;35;1mCACHE (0.0ms)[0m   [0mSELECT * FROM `jobs` WHERE (`jobs`.`id` = 2) [0m
  [4;36;1mCACHE (0.0ms)[0m   [0;1mSELECT * FROM `jobs` WHERE (`jobs`.`id` = 2) [0m
  [4;35;1mCACHE (0.0ms)[0m   [0mSELECT * FROM `jobs` WHERE (`jobs`.`id` = 2) [0m
  [4;36;1mCACHE (0.0ms)[0m   [0;1mSELECT * FROM `jobs` WHERE (`jobs`.`id` = 2) [0m
  [4;35;1mCACHE (0.0ms)[0m   [0mSELECT * FROM `jobs` WHERE (`jobs`.`id` = 2) [0m
  [4;36;1mCACHE (0.0ms)[0m   [0;1mSELECT * FROM `jobs` WHERE (`jobs`.`id` = 2) [0m
  [4;35;1mCACHE (0.0ms)[0m   [0mSELECT * FROM `jobs` WHERE (`jobs`.`id` = 2) [0m
  [4;36;1mCACHE (0.0ms)[0m   [0;1mSELECT * FROM `jobs` WHERE (`jobs`.`id` = 2) [0m
  [4;35;1mCACHE (0.0ms)[0m   [0mSELECT * FROM `jobs` WHERE (`jobs`.`id` = 2) [0m
  [4;36;1mCACHE (0.0ms)[0m   [0;1mSELECT * FROM `jobs` WHERE (`jobs`.`id` = 2) [0m
  [4;35;1mCACHE (0.0ms)[0m   [0mSELECT * FROM `jobs` WHERE (`jobs`.`id` = 2) [0m
  [4;36;1mCACHE (0.0ms)[0m   [0;1mSELECT * FROM `jobs` WHERE (`jobs`.`id` = 2) [0m
  [4;35;1mCACHE (0.0ms)[0m   [0mSELECT * FROM `jobs` WHERE (`jobs`.`id` = 2) [0m
  [4;36;1mCACHE (0.0ms)[0m   [0;1mSELECT * FROM `jobs` WHERE (`jobs`.`id` = 2) [0m
  [4;35;1mCACHE (0.0ms)[0m   [0mSELECT * FROM `jobs` WHERE (`jobs`.`id` = 2) [0m
  [4;36;1mCACHE (0.0ms)[0m   [0;1mSELECT * FROM `jobs` WHERE (`jobs`.`id` = 2) [0m
  [4;35;1mCACHE (0.0ms)[0m   [0mSELECT * FROM `jobs` WHERE (`jobs`.`id` = 2) [0m
  [4;36;1mCACHE (0.0ms)[0m   [0;1mSELECT * FROM `jobs` WHERE (`jobs`.`id` = 2) [0m
  [4;35;1mCACHE (0.0ms)[0m   [0mSELECT * FROM `jobs` WHERE (`jobs`.`id` = 2) [0m
  [4;36;1mCACHE (0.0ms)[0m   [0;1mSELECT * FROM `jobs` WHERE (`jobs`.`id` = 2) [0m
  [4;35;1mCACHE (0.0ms)[0m   [0mSELECT * FROM `jobs` WHERE (`jobs`.`id` = 2) [0m
  [4;36;1mCACHE (0.0ms)[0m   [0;1mSELECT * FROM `jobs` WHERE (`jobs`.`id` = 2) [0m
  [4;35;1mCACHE (0.0ms)[0m   [0mSELECT * FROM `jobs` WHERE (`jobs`.`id` = 2) [0m
  [4;36;1mCACHE (0.0ms)[0m   [0;1mSELECT * FROM `jobs` WHERE (`jobs`.`id` = 2) [0m
  [4;35;1mCACHE (0.0ms)[0m   [0mSELECT * FROM `jobs` WHERE (`jobs`.`id` = 2) [0m
  [4;36;1mCACHE (0.0ms)[0m   [0;1mSELECT * FROM `jobs` WHERE (`jobs`.`id` = 2) [0m
  [4;35;1mCACHE (0.0ms)[0m   [0mSELECT * FROM `jobs` WHERE (`jobs`.`id` = 2) [0m
  [4;36;1mCACHE (0.0ms)[0m   [0;1mSELECT * FROM `jobs` WHERE (`jobs`.`id` = 2) [0m
  [4;35;1mCACHE (0.0ms)[0m   [0mSELECT * FROM `jobs` WHERE (`jobs`.`id` = 2) [0m
  [4;36;1mCACHE (0.0ms)[0m   [0;1mSELECT * FROM `jobs` WHERE (`jobs`.`id` = 2) [0m
  [4;35;1mCACHE (0.0ms)[0m   [0mSELECT * FROM `jobs` WHERE (`jobs`.`id` = 2) [0m
  [4;36;1mCACHE (0.0ms)[0m   [0;1mSELECT * FROM `jobs` WHERE (`jobs`.`id` = 2) [0m
  [4;35;1mCACHE (0.0ms)[0m   [0mSELECT * FROM `jobs` WHERE (`jobs`.`id` = 2) [0m
  [4;36;1mCACHE (0.0ms)[0m   [0;1mSELECT * FROM `jobs` WHERE (`jobs`.`id` = 2) [0m
  [4;35;1mCACHE (0.0ms)[0m   [0mSELECT * FROM `jobs` WHERE (`jobs`.`id` = 2) [0m
  [4;36;1mCACHE (0.0ms)[0m   [0;1mSELECT * FROM `jobs` WHERE (`jobs`.`id` = 2) [0m
  [4;35;1mCACHE (0.0ms)[0m   [0mSELECT * FROM `jobs` WHERE (`jobs`.`id` = 2) [0m
  [4;36;1mCACHE (0.0ms)[0m   [0;1mSELECT * FROM `jobs` WHERE (`jobs`.`id` = 2) [0m
  [4;35;1mCACHE (0.0ms)[0m   [0mSELECT * FROM `jobs` WHERE (`jobs`.`id` = 2) [0m
  [4;36;1mCACHE (0.0ms)[0m   [0;1mSELECT * FROM `jobs` WHERE (`jobs`.`id` = 2) [0m
  [4;35;1mCACHE (0.0ms)[0m   [0mSELECT * FROM `jobs` WHERE (`jobs`.`id` = 2) [0m
  [4;36;1mCACHE (0.0ms)[0m   [0;1mSELECT * FROM `jobs` WHERE (`jobs`.`id` = 2) [0m
  [4;35;1mCACHE (0.0ms)[0m   [0mSELECT * FROM `jobs` WHERE (`jobs`.`id` = 2) [0m
  [4;36;1mCACHE (0.0ms)[0m   [0;1mSELECT * FROM `jobs` WHERE (`jobs`.`id` = 2) [0m
  [4;35;1mCACHE (0.0ms)[0m   [0mSELECT * FROM `jobs` WHERE (`jobs`.`id` = 2) [0m
  [4;36;1mCACHE (0.0ms)[0m   [0;1mSELECT * FROM `jobs` WHERE (`jobs`.`id` = 2) [0m
  [4;35;1mCACHE (0.0ms)[0m   [0mSELECT * FROM `jobs` WHERE (`jobs`.`id` = 2) [0m
  [4;36;1mCACHE (0.0ms)[0m   [0;1mSELECT * FROM `jobs` WHERE (`jobs`.`id` = 2) [0m
  [4;35;1mCACHE (0.0ms)[0m   [0mSELECT * FROM `jobs` WHERE (`jobs`.`id` = 2) [0m
  [4;36;1mCACHE (0.0ms)[0m   [0;1mSELECT * FROM `jobs` WHERE (`jobs`.`id` = 2) [0m
Completed in 497ms (View: 476, DB: 11) | 200 OK [http://localhost/tasks/]
